<?xml version="1.0" encoding="UTF-8"?>
<testng-results ignored="0" total="2" passed="2" failed="0" skipped="0">
  <reporter-output>
  </reporter-output>
  <suite started-at="2023-08-21T08:41:41 IST" name="Default suite" finished-at="2023-08-21T08:41:41 IST" duration-ms="72">
    <groups>
    </groups>
    <test started-at="2023-08-21T08:41:41 IST" name="Default test" finished-at="2023-08-21T08:41:41 IST" duration-ms="72">
      <class name="mandatoryHomeWork.morningSession.ReverseInt">
        <test-method signature="test1()[pri:0, instance:mandatoryHomeWork.morningSession.ReverseInt@60bd273d]" started-at="2023-08-21T08:41:41 IST" name="test1" finished-at="2023-08-21T08:41:41 IST" duration-ms="15" status="PASS">
          <reporter-output>
          </reporter-output>
        </test-method> <!-- test1 -->
        <test-method signature="test2()[pri:0, instance:mandatoryHomeWork.morningSession.ReverseInt@60bd273d]" started-at="2023-08-21T08:41:41 IST" name="test2" finished-at="2023-08-21T08:41:41 IST" duration-ms="0" status="PASS">
          <reporter-output>
          </reporter-output>
        </test-method> <!-- test2 -->
      </class> <!-- mandatoryHomeWork.morningSession.ReverseInt -->
    </test> <!-- Default test -->
  </suite> <!-- Default suite -->
</testng-results>
